<?xml version="1.0" encoding="UTF-8"?>
<testsuite name="hello.TestGreeter" tests="2" skipped="0" failures="0" errors="0" timestamp="2021-11-29T02:21:20" hostname="Shivs-MacBook-Pro.local" time="0.007">
  <properties/>
  <testcase name="testGreeter()" classname="hello.TestGreeter" time="0.006"/>
  <testcase name="testGreeterEmpty()" classname="hello.TestGreeter" time="0.001"/>
  <system-out><![CDATA[]]></system-out>
  <system-err><![CDATA[]]></system-err>
</testsuite>
